<?xml version="1.0" encoding="UTF-8"?>
<!-- Generated by org.testng.reporters.JUnitReportReporter -->
<testsuite hostname="harry-PC" failures="0" tests="4" name="LoginTest" time="48.733" errors="0" timestamp="23 Sep 2020 15:17:53 GMT" skipped="0">
  <testcase classname="LoginTest" name="Login_Successful" time="12.415"/>
  <testcase classname="LoginTest" name="Login_Failure_InvalidEmail" time="11.566"/>
  <testcase classname="LoginTest" name="Login_Failure_IncorrectCredentials" time="10.874"/>
  <testcase classname="LoginTest" name="Login_Failure_InvalidPassword" time="13.878"/>
</testsuite> <!-- LoginTest -->
